-------------------------------------------------------------------------------
Test set: org.java.calculator.CalculatorTest
-------------------------------------------------------------------------------
Tests run: 1, Failures: 1, Errors: 0, Skipped: 0, Time elapsed: 0.108 s <<< FAILURE! - in org.java.calculator.CalculatorTest
addTest  Time elapsed: 0.072 s  <<< FAILURE!
org.opentest4j.AssertionFailedError: expected: <2.0> but was: <20.0>
	at org.java.calculator.CalculatorTest.addTest(CalculatorTest.java:19)

